   Compiling shard v0.1.0 (/home/adarsh/Coding/shard)
warning: unused import: `std::cmp::max`
 --> src/main.rs:2:5
  |
2 | use std::cmp::max;
  |     ^^^^^^^^^^^^^
  |
  = note: `#[warn(unused_imports)]` on by default

warning: unused variable: `previous_nodes_searched`
   --> src/main.rs:165:13
    |
165 |     let mut previous_nodes_searched: u128 = 0;
    |             ^^^^^^^^^^^^^^^^^^^^^^^ help: if this is intentional, prefix it with an underscore: `_previous_nodes_searched`
    |
    = note: `#[warn(unused_variables)]` on by default

warning: unused variable: `nodes_in_previous_layer`
   --> src/main.rs:166:13
    |
166 |     let mut nodes_in_previous_layer: u128 = 1;
    |             ^^^^^^^^^^^^^^^^^^^^^^^ help: if this is intentional, prefix it with an underscore: `_nodes_in_previous_layer`

warning: variable does not need to be mutable
   --> src/main.rs:165:9
    |
165 |     let mut previous_nodes_searched: u128 = 0;
    |         ----^^^^^^^^^^^^^^^^^^^^^^^
    |         |
    |         help: remove this `mut`
    |
    = note: `#[warn(unused_mut)]` on by default

warning: variable does not need to be mutable
   --> src/main.rs:166:9
    |
166 |     let mut nodes_in_previous_layer: u128 = 1;
    |         ----^^^^^^^^^^^^^^^^^^^^^^^
    |         |
    |         help: remove this `mut`

warning: field `best_move` is never read
   --> src/main.rs:366:5
    |
363 | struct TranspositionTableEntry {
    |        ----------------------- field in this struct
...
366 |     best_move: Option<ChessMove>, // Store the best move for PV reconstruction
    |     ^^^^^^^^^
    |
    = note: `TranspositionTableEntry` has a derived impl for the trait `Clone`, but this is intentionally ignored during dead code analysis
    = note: `#[warn(dead_code)]` on by default

warning: `shard` (bin "shard") generated 6 warnings (run `cargo fix --bin "shard"` to apply 3 suggestions)
    Finished `release` profile [optimized] target(s) in 2.91s
     Running `target/release/shard`
info depth 1 multipv 1 score cp -290 nodes 40 nps 439560 time 0
info depth 2 multipv 1 score cp -290 nodes 860 nps 214570 time 4
info depth 3 multipv 1 score cp 400 nodes 4603 nps 213358 time 21
info depth 4 multipv 1 score cp 400 nodes 22337 nps 285475 time 78
info depth 5 multipv 1 score cp 400 nodes 552361 nps 287407 time 1921
info depth 6 multipv 1 score cp 400 nodes 809494 nps 322962 time 2506
info depth 7 multipv 1 score cp 400 nodes 2533693 nps 337757 time 7501
bestmove b2b4
